<?xml version="1.0" encoding="UTF-8"?>
<robot generator="Robot 6.1.1 (Python 3.10.12 on linux)" generated="20241118 22:52:33.614" rpa="false" schemaversion="4">
<suite id="s1" name="Tests" source="/home/lamleo/Documents/University/ohtu/palautusrepositorio/viikko3/web-login/src/tests">
<suite id="s1-s1" name="Home" source="/home/lamleo/Documents/University/ohtu/palautusrepositorio/viikko3/web-login/src/tests/home.robot">
<kw name="Open And Configure Browser" library="resource" type="SETUP">
<if>
<branch type="IF" condition="$BROWSER == 'chrome'">
<kw name="Evaluate" library="BuiltIn">
<var>${options}</var>
<arg>sys.modules['selenium.webdriver'].ChromeOptions()</arg>
<arg>sys</arg>
<doc>Evaluates the given expression in Python and returns the result.</doc>
<msg timestamp="20241118 22:52:33.883" level="INFO">${options} = &lt;selenium.webdriver.chrome.options.Options object at 0x77cfe2cd7850&gt;</msg>
<status status="PASS" starttime="20241118 22:52:33.883" endtime="20241118 22:52:33.883"/>
</kw>
<status status="PASS" starttime="20241118 22:52:33.861" endtime="20241118 22:52:33.884"/>
</branch>
<branch type="ELSE IF" condition="$BROWSER == 'firefox'">
<kw name="Evaluate" library="BuiltIn">
<var>${options}</var>
<arg>sys.modules['selenium.webdriver'].FirefoxOptions()</arg>
<arg>sys</arg>
<doc>Evaluates the given expression in Python and returns the result.</doc>
<status status="NOT RUN" starttime="20241118 22:52:33.884" endtime="20241118 22:52:33.884"/>
</kw>
<status status="NOT RUN" starttime="20241118 22:52:33.884" endtime="20241118 22:52:33.884"/>
</branch>
<status status="PASS" starttime="20241118 22:52:33.861" endtime="20241118 22:52:33.884"/>
</if>
<if>
<branch type="IF" condition="$HEADLESS == 'true'">
<kw name="Set Selenium Speed" library="SeleniumLibrary">
<arg>0</arg>
<doc>Sets the delay that is waited after each Selenium command.</doc>
<status status="NOT RUN" starttime="20241118 22:52:33.884" endtime="20241118 22:52:33.884"/>
</kw>
<kw name="Call Method" library="BuiltIn">
<arg>${options}</arg>
<arg>add_argument</arg>
<arg>--headless</arg>
<doc>Calls the named method of the given object with the provided arguments.</doc>
<status status="NOT RUN" starttime="20241118 22:52:33.884" endtime="20241118 22:52:33.884"/>
</kw>
<status status="NOT RUN" starttime="20241118 22:52:33.884" endtime="20241118 22:52:33.884"/>
</branch>
<branch type="ELSE">
<kw name="Set Selenium Speed" library="SeleniumLibrary">
<arg>${DELAY}</arg>
<doc>Sets the delay that is waited after each Selenium command.</doc>
<status status="PASS" starttime="20241118 22:52:33.884" endtime="20241118 22:52:33.885"/>
</kw>
<status status="PASS" starttime="20241118 22:52:33.884" endtime="20241118 22:52:33.885"/>
</branch>
<status status="PASS" starttime="20241118 22:52:33.884" endtime="20241118 22:52:33.885"/>
</if>
<kw name="Open Browser" library="SeleniumLibrary">
<arg>browser=${BROWSER}</arg>
<arg>options=${options}</arg>
<doc>Opens a new browser instance to the optional ``url``.</doc>
<msg timestamp="20241118 22:52:33.886" level="INFO">Opening browser 'chrome' to base url 'None'.</msg>
<msg timestamp="20241118 22:52:33.951" level="WARN">The chromedriver version (130.0.6723.91) detected in PATH at /usr/bin/chromedriver might not be compatible with the detected chrome version (131.0.6778.69); currently, chromedriver 131.0.6778.69 is recommended for chrome 131.*, so it is advised to delete the driver in PATH and retry</msg>
<status status="PASS" starttime="20241118 22:52:33.885" endtime="20241118 22:52:34.565"/>
</kw>
<status status="PASS" starttime="20241118 22:52:33.860" endtime="20241118 22:52:34.565"/>
</kw>
<test id="s1-s1-t1" name="Click Login Link" line="8">
<kw name="Reset Application And Go To Starting Page" type="SETUP">
<kw name="Reset Application" library="AppLibrary">
<status status="PASS" starttime="20241118 22:52:34.567" endtime="20241118 22:52:34.574"/>
</kw>
<kw name="Go To Starting Page" library="resource">
<kw name="Go To" library="SeleniumLibrary">
<arg>${HOME_URL}</arg>
<doc>Navigates the current browser window to the provided ``url``.</doc>
<msg timestamp="20241118 22:52:34.575" level="INFO">Opening url 'http://localhost:5001'</msg>
<status status="PASS" starttime="20241118 22:52:34.574" endtime="20241118 22:52:35.164"/>
</kw>
<status status="PASS" starttime="20241118 22:52:34.574" endtime="20241118 22:52:35.164"/>
</kw>
<status status="PASS" starttime="20241118 22:52:34.567" endtime="20241118 22:52:35.164"/>
</kw>
<kw name="Click Link" library="SeleniumLibrary">
<arg>Login</arg>
<doc>Clicks a link identified by ``locator``.</doc>
<msg timestamp="20241118 22:52:35.167" level="INFO">Clicking link 'Login'.</msg>
<status status="PASS" starttime="20241118 22:52:35.165" endtime="20241118 22:52:36.807"/>
</kw>
<kw name="Login Page Should Be Open" library="resource">
<kw name="Title Should Be" library="SeleniumLibrary">
<arg>Login</arg>
<doc>Verifies that the current page title equals ``title``.</doc>
<msg timestamp="20241118 22:52:37.321" level="INFO">Page title is 'Login'.</msg>
<status status="PASS" starttime="20241118 22:52:36.809" endtime="20241118 22:52:37.322"/>
</kw>
<status status="PASS" starttime="20241118 22:52:36.808" endtime="20241118 22:52:37.322"/>
</kw>
<status status="PASS" starttime="20241118 22:52:34.566" endtime="20241118 22:52:37.323"/>
</test>
<test id="s1-s1-t2" name="Click Register Link" line="12">
<kw name="Reset Application And Go To Starting Page" type="SETUP">
<kw name="Reset Application" library="AppLibrary">
<status status="PASS" starttime="20241118 22:52:37.326" endtime="20241118 22:52:37.332"/>
</kw>
<kw name="Go To Starting Page" library="resource">
<kw name="Go To" library="SeleniumLibrary">
<arg>${HOME_URL}</arg>
<doc>Navigates the current browser window to the provided ``url``.</doc>
<msg timestamp="20241118 22:52:37.333" level="INFO">Opening url 'http://localhost:5001'</msg>
<status status="PASS" starttime="20241118 22:52:37.333" endtime="20241118 22:52:37.888"/>
</kw>
<status status="PASS" starttime="20241118 22:52:37.333" endtime="20241118 22:52:37.888"/>
</kw>
<status status="PASS" starttime="20241118 22:52:37.325" endtime="20241118 22:52:37.888"/>
</kw>
<kw name="Click Link" library="SeleniumLibrary">
<arg>Register new user</arg>
<doc>Clicks a link identified by ``locator``.</doc>
<msg timestamp="20241118 22:52:37.890" level="INFO">Clicking link 'Register new user'.</msg>
<status status="PASS" starttime="20241118 22:52:37.889" endtime="20241118 22:52:39.511"/>
</kw>
<kw name="Register Page Should Be Open" library="resource">
<kw name="Title Should Be" library="SeleniumLibrary">
<arg>Register</arg>
<doc>Verifies that the current page title equals ``title``.</doc>
<msg timestamp="20241118 22:52:40.023" level="INFO">Page title is 'Register'.</msg>
<status status="PASS" starttime="20241118 22:52:39.513" endtime="20241118 22:52:40.024"/>
</kw>
<status status="PASS" starttime="20241118 22:52:39.512" endtime="20241118 22:52:40.024"/>
</kw>
<status status="PASS" starttime="20241118 22:52:37.324" endtime="20241118 22:52:40.025"/>
</test>
<kw name="Close Browser" library="SeleniumLibrary" type="TEARDOWN">
<doc>Closes the current browser.</doc>
<status status="PASS" starttime="20241118 22:52:40.027" endtime="20241118 22:52:40.595"/>
</kw>
<status status="PASS" starttime="20241118 22:52:33.631" endtime="20241118 22:52:40.595"/>
</suite>
<suite id="s1-s2" name="Login" source="/home/lamleo/Documents/University/ohtu/palautusrepositorio/viikko3/web-login/src/tests/login.robot">
<kw name="Open And Configure Browser" library="resource" type="SETUP">
<if>
<branch type="IF" condition="$BROWSER == 'chrome'">
<kw name="Evaluate" library="BuiltIn">
<var>${options}</var>
<arg>sys.modules['selenium.webdriver'].ChromeOptions()</arg>
<arg>sys</arg>
<doc>Evaluates the given expression in Python and returns the result.</doc>
<msg timestamp="20241118 22:52:40.603" level="INFO">${options} = &lt;selenium.webdriver.chrome.options.Options object at 0x77cfe2b7d4b0&gt;</msg>
<status status="PASS" starttime="20241118 22:52:40.603" endtime="20241118 22:52:40.604"/>
</kw>
<status status="PASS" starttime="20241118 22:52:40.603" endtime="20241118 22:52:40.604"/>
</branch>
<branch type="ELSE IF" condition="$BROWSER == 'firefox'">
<kw name="Evaluate" library="BuiltIn">
<var>${options}</var>
<arg>sys.modules['selenium.webdriver'].FirefoxOptions()</arg>
<arg>sys</arg>
<doc>Evaluates the given expression in Python and returns the result.</doc>
<status status="NOT RUN" starttime="20241118 22:52:40.604" endtime="20241118 22:52:40.604"/>
</kw>
<status status="NOT RUN" starttime="20241118 22:52:40.604" endtime="20241118 22:52:40.604"/>
</branch>
<status status="PASS" starttime="20241118 22:52:40.603" endtime="20241118 22:52:40.604"/>
</if>
<if>
<branch type="IF" condition="$HEADLESS == 'true'">
<kw name="Set Selenium Speed" library="SeleniumLibrary">
<arg>0</arg>
<doc>Sets the delay that is waited after each Selenium command.</doc>
<status status="NOT RUN" starttime="20241118 22:52:40.605" endtime="20241118 22:52:40.605"/>
</kw>
<kw name="Call Method" library="BuiltIn">
<arg>${options}</arg>
<arg>add_argument</arg>
<arg>--headless</arg>
<doc>Calls the named method of the given object with the provided arguments.</doc>
<status status="NOT RUN" starttime="20241118 22:52:40.605" endtime="20241118 22:52:40.606"/>
</kw>
<status status="NOT RUN" starttime="20241118 22:52:40.605" endtime="20241118 22:52:40.606"/>
</branch>
<branch type="ELSE">
<kw name="Set Selenium Speed" library="SeleniumLibrary">
<arg>${DELAY}</arg>
<doc>Sets the delay that is waited after each Selenium command.</doc>
<status status="PASS" starttime="20241118 22:52:40.606" endtime="20241118 22:52:40.606"/>
</kw>
<status status="PASS" starttime="20241118 22:52:40.606" endtime="20241118 22:52:40.606"/>
</branch>
<status status="PASS" starttime="20241118 22:52:40.605" endtime="20241118 22:52:40.606"/>
</if>
<kw name="Open Browser" library="SeleniumLibrary">
<arg>browser=${BROWSER}</arg>
<arg>options=${options}</arg>
<doc>Opens a new browser instance to the optional ``url``.</doc>
<msg timestamp="20241118 22:52:40.608" level="INFO">Opening browser 'chrome' to base url 'None'.</msg>
<msg timestamp="20241118 22:52:40.698" level="WARN">The chromedriver version (130.0.6723.91) detected in PATH at /usr/bin/chromedriver might not be compatible with the detected chrome version (131.0.6778.69); currently, chromedriver 131.0.6778.69 is recommended for chrome 131.*, so it is advised to delete the driver in PATH and retry</msg>
<status status="PASS" starttime="20241118 22:52:40.607" endtime="20241118 22:52:41.367"/>
</kw>
<status status="PASS" starttime="20241118 22:52:40.602" endtime="20241118 22:52:41.367"/>
</kw>
<test id="s1-s2-t1" name="Login With Correct Credentials" line="8">
<kw name="Reset Application Create User And Go To Login Page" type="SETUP">
<kw name="Reset Application" library="AppLibrary">
<status status="PASS" starttime="20241118 22:52:41.368" endtime="20241118 22:52:41.372"/>
</kw>
<kw name="Create User" library="AppLibrary">
<arg>kalle</arg>
<arg>kalle123</arg>
<status status="PASS" starttime="20241118 22:52:41.373" endtime="20241118 22:52:41.392"/>
</kw>
<kw name="Go To Login Page" library="resource">
<kw name="Go To" library="SeleniumLibrary">
<arg>${LOGIN_URL}</arg>
<doc>Navigates the current browser window to the provided ``url``.</doc>
<msg timestamp="20241118 22:52:41.394" level="INFO">Opening url 'http://localhost:5001/login'</msg>
<status status="PASS" starttime="20241118 22:52:41.394" endtime="20241118 22:52:41.986"/>
</kw>
<status status="PASS" starttime="20241118 22:52:41.393" endtime="20241118 22:52:41.986"/>
</kw>
<status status="PASS" starttime="20241118 22:52:41.368" endtime="20241118 22:52:41.987"/>
</kw>
<kw name="Set Username">
<arg>kalle</arg>
<kw name="Input Text" library="SeleniumLibrary">
<arg>username</arg>
<arg>${username}</arg>
<doc>Types the given ``text`` into the text field identified by ``locator``.</doc>
<msg timestamp="20241118 22:52:41.990" level="INFO">Typing text 'kalle' into text field 'username'.</msg>
<status status="PASS" starttime="20241118 22:52:41.988" endtime="20241118 22:52:43.650"/>
</kw>
<status status="PASS" starttime="20241118 22:52:41.987" endtime="20241118 22:52:43.651"/>
</kw>
<kw name="Set Password">
<arg>kalle123</arg>
<kw name="Input Password" library="SeleniumLibrary">
<arg>password</arg>
<arg>${password}</arg>
<doc>Types the given password into the text field identified by ``locator``.</doc>
<msg timestamp="20241118 22:52:43.654" level="INFO">Typing password into text field 'password'.</msg>
<msg timestamp="20241118 22:52:44.716" level="INFO">Temporally setting log level to: NONE</msg>
<msg timestamp="20241118 22:52:45.282" level="INFO">Log level changed from NONE to INFO.</msg>
<status status="PASS" starttime="20241118 22:52:43.653" endtime="20241118 22:52:45.282"/>
</kw>
<status status="PASS" starttime="20241118 22:52:43.652" endtime="20241118 22:52:45.283"/>
</kw>
<kw name="Submit Credentials">
<kw name="Click Button" library="SeleniumLibrary">
<arg>Login</arg>
<doc>Clicks the button identified by ``locator``.</doc>
<msg timestamp="20241118 22:52:45.286" level="INFO">Clicking button 'Login'.</msg>
<status status="PASS" starttime="20241118 22:52:45.284" endtime="20241118 22:52:47.435"/>
</kw>
<status status="PASS" starttime="20241118 22:52:45.283" endtime="20241118 22:52:47.436"/>
</kw>
<kw name="Login Should Succeed">
<kw name="Main Page Should Be Open" library="resource">
<kw name="Title Should Be" library="SeleniumLibrary">
<arg>Ohtu Application main page</arg>
<doc>Verifies that the current page title equals ``title``.</doc>
<msg timestamp="20241118 22:52:47.951" level="INFO">Page title is 'Ohtu Application main page'.</msg>
<status status="PASS" starttime="20241118 22:52:47.438" endtime="20241118 22:52:47.952"/>
</kw>
<status status="PASS" starttime="20241118 22:52:47.438" endtime="20241118 22:52:47.952"/>
</kw>
<status status="PASS" starttime="20241118 22:52:47.436" endtime="20241118 22:52:47.953"/>
</kw>
<status status="PASS" starttime="20241118 22:52:41.367" endtime="20241118 22:52:47.954"/>
</test>
<test id="s1-s2-t2" name="Login With Incorrect Password" line="14">
<kw name="Reset Application Create User And Go To Login Page" type="SETUP">
<kw name="Reset Application" library="AppLibrary">
<status status="PASS" starttime="20241118 22:52:47.957" endtime="20241118 22:52:47.962"/>
</kw>
<kw name="Create User" library="AppLibrary">
<arg>kalle</arg>
<arg>kalle123</arg>
<status status="PASS" starttime="20241118 22:52:47.963" endtime="20241118 22:52:47.977"/>
</kw>
<kw name="Go To Login Page" library="resource">
<kw name="Go To" library="SeleniumLibrary">
<arg>${LOGIN_URL}</arg>
<doc>Navigates the current browser window to the provided ``url``.</doc>
<msg timestamp="20241118 22:52:47.980" level="INFO">Opening url 'http://localhost:5001/login'</msg>
<status status="PASS" starttime="20241118 22:52:47.979" endtime="20241118 22:52:48.531"/>
</kw>
<status status="PASS" starttime="20241118 22:52:47.978" endtime="20241118 22:52:48.532"/>
</kw>
<status status="PASS" starttime="20241118 22:52:47.956" endtime="20241118 22:52:48.532"/>
</kw>
<kw name="Set Username">
<arg>kalle</arg>
<kw name="Input Text" library="SeleniumLibrary">
<arg>username</arg>
<arg>${username}</arg>
<doc>Types the given ``text`` into the text field identified by ``locator``.</doc>
<msg timestamp="20241118 22:52:48.535" level="INFO">Typing text 'kalle' into text field 'username'.</msg>
<status status="PASS" starttime="20241118 22:52:48.534" endtime="20241118 22:52:50.153"/>
</kw>
<status status="PASS" starttime="20241118 22:52:48.533" endtime="20241118 22:52:50.153"/>
</kw>
<kw name="Set Password">
<arg>kalle456</arg>
<kw name="Input Password" library="SeleniumLibrary">
<arg>password</arg>
<arg>${password}</arg>
<doc>Types the given password into the text field identified by ``locator``.</doc>
<msg timestamp="20241118 22:52:50.156" level="INFO">Typing password into text field 'password'.</msg>
<msg timestamp="20241118 22:52:51.206" level="INFO">Temporally setting log level to: NONE</msg>
<msg timestamp="20241118 22:52:51.788" level="INFO">Log level changed from NONE to INFO.</msg>
<status status="PASS" starttime="20241118 22:52:50.155" endtime="20241118 22:52:51.788"/>
</kw>
<status status="PASS" starttime="20241118 22:52:50.154" endtime="20241118 22:52:51.789"/>
</kw>
<kw name="Submit Credentials">
<kw name="Click Button" library="SeleniumLibrary">
<arg>Login</arg>
<doc>Clicks the button identified by ``locator``.</doc>
<msg timestamp="20241118 22:52:51.791" level="INFO">Clicking button 'Login'.</msg>
<status status="PASS" starttime="20241118 22:52:51.790" endtime="20241118 22:52:53.918"/>
</kw>
<status status="PASS" starttime="20241118 22:52:51.789" endtime="20241118 22:52:53.918"/>
</kw>
<kw name="Login Should Fail With Message">
<arg>Invalid username or password</arg>
<kw name="Login Page Should Be Open" library="resource">
<kw name="Title Should Be" library="SeleniumLibrary">
<arg>Login</arg>
<doc>Verifies that the current page title equals ``title``.</doc>
<msg timestamp="20241118 22:52:54.433" level="INFO">Page title is 'Login'.</msg>
<status status="PASS" starttime="20241118 22:52:53.921" endtime="20241118 22:52:54.433"/>
</kw>
<status status="PASS" starttime="20241118 22:52:53.920" endtime="20241118 22:52:54.434"/>
</kw>
<kw name="Page Should Contain" library="SeleniumLibrary">
<arg>${message}</arg>
<doc>Verifies that current page contains ``text``.</doc>
<msg timestamp="20241118 22:52:55.465" level="INFO">Current page contains text 'Invalid username or password'.</msg>
<status status="PASS" starttime="20241118 22:52:54.434" endtime="20241118 22:52:55.466"/>
</kw>
<status status="PASS" starttime="20241118 22:52:53.919" endtime="20241118 22:52:55.466"/>
</kw>
<status status="PASS" starttime="20241118 22:52:47.955" endtime="20241118 22:52:55.467"/>
</test>
<test id="s1-s2-t3" name="Login With Nonexistent Username" line="20">
<kw name="Reset Application Create User And Go To Login Page" type="SETUP">
<kw name="Reset Application" library="AppLibrary">
<status status="PASS" starttime="20241118 22:52:55.471" endtime="20241118 22:52:55.477"/>
</kw>
<kw name="Create User" library="AppLibrary">
<arg>kalle</arg>
<arg>kalle123</arg>
<status status="PASS" starttime="20241118 22:52:55.478" endtime="20241118 22:52:55.491"/>
</kw>
<kw name="Go To Login Page" library="resource">
<kw name="Go To" library="SeleniumLibrary">
<arg>${LOGIN_URL}</arg>
<doc>Navigates the current browser window to the provided ``url``.</doc>
<msg timestamp="20241118 22:52:55.494" level="INFO">Opening url 'http://localhost:5001/login'</msg>
<status status="PASS" starttime="20241118 22:52:55.493" endtime="20241118 22:52:56.047"/>
</kw>
<status status="PASS" starttime="20241118 22:52:55.492" endtime="20241118 22:52:56.048"/>
</kw>
<status status="PASS" starttime="20241118 22:52:55.470" endtime="20241118 22:52:56.048"/>
</kw>
<kw name="Set Password">
<arg>nothing</arg>
<kw name="Input Password" library="SeleniumLibrary">
<arg>password</arg>
<arg>${password}</arg>
<doc>Types the given password into the text field identified by ``locator``.</doc>
<msg timestamp="20241118 22:52:56.051" level="INFO">Typing password into text field 'password'.</msg>
<msg timestamp="20241118 22:52:57.109" level="INFO">Temporally setting log level to: NONE</msg>
<msg timestamp="20241118 22:52:57.681" level="INFO">Log level changed from NONE to INFO.</msg>
<status status="PASS" starttime="20241118 22:52:56.049" endtime="20241118 22:52:57.682"/>
</kw>
<status status="PASS" starttime="20241118 22:52:56.048" endtime="20241118 22:52:57.682"/>
</kw>
<kw name="Submit Credentials">
<kw name="Click Button" library="SeleniumLibrary">
<arg>Login</arg>
<doc>Clicks the button identified by ``locator``.</doc>
<msg timestamp="20241118 22:52:57.685" level="INFO">Clicking button 'Login'.</msg>
<status status="PASS" starttime="20241118 22:52:57.684" endtime="20241118 22:52:59.802"/>
</kw>
<status status="PASS" starttime="20241118 22:52:57.683" endtime="20241118 22:52:59.803"/>
</kw>
<kw name="Login Should Fail With Message">
<arg>Username and password are required</arg>
<kw name="Login Page Should Be Open" library="resource">
<kw name="Title Should Be" library="SeleniumLibrary">
<arg>Login</arg>
<doc>Verifies that the current page title equals ``title``.</doc>
<msg timestamp="20241118 22:53:00.317" level="INFO">Page title is 'Login'.</msg>
<status status="PASS" starttime="20241118 22:52:59.806" endtime="20241118 22:53:00.318"/>
</kw>
<status status="PASS" starttime="20241118 22:52:59.805" endtime="20241118 22:53:00.318"/>
</kw>
<kw name="Page Should Contain" library="SeleniumLibrary">
<arg>${message}</arg>
<doc>Verifies that current page contains ``text``.</doc>
<msg timestamp="20241118 22:53:01.357" level="INFO">Current page contains text 'Username and password are required'.</msg>
<status status="PASS" starttime="20241118 22:53:00.319" endtime="20241118 22:53:01.358"/>
</kw>
<status status="PASS" starttime="20241118 22:52:59.803" endtime="20241118 22:53:01.358"/>
</kw>
<status status="PASS" starttime="20241118 22:52:55.468" endtime="20241118 22:53:01.359"/>
</test>
<kw name="Close Browser" library="SeleniumLibrary" type="TEARDOWN">
<doc>Closes the current browser.</doc>
<status status="PASS" starttime="20241118 22:53:01.361" endtime="20241118 22:53:01.928"/>
</kw>
<status status="PASS" starttime="20241118 22:52:40.597" endtime="20241118 22:53:01.928"/>
</suite>
<status status="PASS" starttime="20241118 22:52:33.615" endtime="20241118 22:53:01.931"/>
</suite>
<statistics>
<total>
<stat pass="5" fail="0" skip="0">All Tests</stat>
</total>
<tag>
</tag>
<suite>
<stat pass="5" fail="0" skip="0" id="s1" name="Tests">Tests</stat>
<stat pass="2" fail="0" skip="0" id="s1-s1" name="Home">Tests.Home</stat>
<stat pass="3" fail="0" skip="0" id="s1-s2" name="Login">Tests.Login</stat>
</suite>
</statistics>
<errors>
<msg timestamp="20241118 22:52:33.951" level="WARN">The chromedriver version (130.0.6723.91) detected in PATH at /usr/bin/chromedriver might not be compatible with the detected chrome version (131.0.6778.69); currently, chromedriver 131.0.6778.69 is recommended for chrome 131.*, so it is advised to delete the driver in PATH and retry</msg>
<msg timestamp="20241118 22:52:40.698" level="WARN">The chromedriver version (130.0.6723.91) detected in PATH at /usr/bin/chromedriver might not be compatible with the detected chrome version (131.0.6778.69); currently, chromedriver 131.0.6778.69 is recommended for chrome 131.*, so it is advised to delete the driver in PATH and retry</msg>
</errors>
</robot>
